TN:
SF:main.js
FN:12,(anonymous_0)
FN:28,(anonymous_1)
FN:57,(anonymous_2)
FNF:3
FNH:3
FNDA:10,(anonymous_0)
FNDA:10,(anonymous_1)
FNDA:2,(anonymous_2)
DA:13,10
DA:14,4
DA:18,6
DA:19,6
DA:29,10
DA:30,4
DA:34,6
DA:35,1
DA:39,5
DA:40,1
DA:44,4
DA:45,0
DA:48,4
DA:58,2
DA:59,2
DA:61,2
DA:72,1
LF:17
LH:16
BRDA:13,0,0,4
BRDA:13,0,1,6
BRDA:29,1,0,4
BRDA:29,1,1,6
BRDA:34,2,0,1
BRDA:34,2,1,5
BRDA:39,3,0,1
BRDA:39,3,1,4
BRDA:44,4,0,0
BRDA:44,4,1,4
BRDA:62,5,0,2
BRDA:62,5,1,1
BRDA:65,6,0,1
BRDA:65,6,1,1
BRDA:65,7,0,2
BRDA:65,7,1,1
BRDA:67,8,0,0
BRDA:67,8,1,1
BRDA:67,9,0,1
BRDA:67,9,1,0
BRF:20
BRH:17
end_of_record
